#
# There is insufficient memory for the Java Runtime Environment to continue.
# Native memory allocation (malloc) failed to allocate 52448 bytes for Chunk::new
# Possible reasons:
#   The system is out of physical RAM or swap space
#   In 32 bit mode, the process size limit was hit
# Possible solutions:
#   Reduce memory load on the system
#   Increase physical memory or swap space
#   Check if swap backing store is full
#   Use 64 bit Java on a 64 bit OS
#   Decrease Java heap size (-Xmx/-Xms)
#   Decrease number of Java threads
#   Decrease Java thread stack sizes (-Xss)
#   Set larger code cache with -XX:ReservedCodeCacheSize=
# This output file may be truncated or incomplete.
#
#  Out of Memory Error (allocation.cpp:390), pid=32584, tid=13124
#
# JRE version: Java(TM) SE Runtime Environment (8.0_45-b14) (build 1.8.0_45-b14)
# Java VM: Java HotSpot(TM) 64-Bit Server VM (25.45-b02 mixed mode windows-amd64 compressed oops)
# Failed to write core dump. Minidumps are not enabled by default on client versions of Windows
#

---------------  T H R E A D  ---------------

Current thread (0x000000000667a800):  JavaThread "C2 CompilerThread0" daemon [_thread_in_native, id=13124, stack(0x0000000007bd0000,0x0000000007cd0000)]

Stack: [0x0000000007bd0000,0x0000000007cd0000]
Native frames: (J=compiled Java code, j=interpreted, Vv=VM code, C=native code)
V  [jvm.dll+0x32b57a]


Current CompileTask:
C2:   5559 1447       4       com.android.dx.cf.code.ValueAwareMachine::run (1142 bytes)


---------------  P R O C E S S  ---------------

Java Threads: ( => current thread )
  0x000000000814a000 JavaThread "pool-1-thread-4" [_thread_blocked, id=33280, stack(0x00000000088d0000,0x00000000089d0000)]
  0x0000000008143000 JavaThread "pool-1-thread-3" [_thread_blocked, id=33392, stack(0x00000000087d0000,0x00000000088d0000)]
  0x0000000008140000 JavaThread "pool-1-thread-2" [_thread_blocked, id=33304, stack(0x00000000086d0000,0x00000000087d0000)]
  0x0000000008127800 JavaThread "pool-2-thread-1" [_thread_blocked, id=10244, stack(0x00000000085d0000,0x00000000086d0000)]
  0x0000000008123800 JavaThread "pool-1-thread-1" [_thread_blocked, id=33308, stack(0x00000000084d0000,0x00000000085d0000)]
  0x0000000007ed5800 JavaThread "Service Thread" daemon [_thread_blocked, id=32756, stack(0x00000000082d0000,0x00000000083d0000)]
  0x00000000066dc000 JavaThread "C1 CompilerThread2" daemon [_thread_blocked, id=32472, stack(0x0000000007dd0000,0x0000000007ed0000)]
  0x00000000066d6000 JavaThread "C2 CompilerThread1" daemon [_thread_in_native, id=32748, stack(0x0000000007cd0000,0x0000000007dd0000)]
=>0x000000000667a800 JavaThread "C2 CompilerThread0" daemon [_thread_in_native, id=13124, stack(0x0000000007bd0000,0x0000000007cd0000)]
  0x0000000006678800 JavaThread "Attach Listener" daemon [_thread_blocked, id=33560, stack(0x0000000007ad0000,0x0000000007bd0000)]
  0x0000000006677800 JavaThread "Signal Dispatcher" daemon [_thread_blocked, id=32808, stack(0x00000000079d0000,0x0000000007ad0000)]
  0x0000000002fa6000 JavaThread "Finalizer" daemon [_thread_blocked, id=32724, stack(0x00000000078d0000,0x00000000079d0000)]
  0x0000000002f9d000 JavaThread "Reference Handler" daemon [_thread_blocked, id=33756, stack(0x00000000077d0000,0x00000000078d0000)]
  0x0000000002eb0800 JavaThread "main" [_thread_blocked, id=33464, stack(0x0000000002db0000,0x0000000002eb0000)]

Other Threads:
  0x0000000006647800 VMThread [stack: 0x00000000076d0000,0x00000000077d0000] [id=32664]
  0x0000000007ed6000 WatcherThread [stack: 0x00000000083d0000,0x00000000084d0000] [id=32792]

VM state:at safepoint (normal execution)

VM Mutex/Monitor currently owned by a thread:  ([mutex/lock_event])
[0x0000000002cdc110] Threads_lock - owner thread: 0x0000000006647800
[0x0000000002cdbe10] Heap_lock - owner thread: 0x0000000008140000

Heap:
 PSYoungGen      total 18944K, used 18919K [0x00000000eab00000, 0x00000000ec000000, 0x0000000100000000)
  eden space 16384K, 100% used [0x00000000eab00000,0x00000000ebb00000,0x00000000ebb00000)
  from space 2560K, 99% used [0x00000000ebd80000,0x00000000ebff9c88,0x00000000ec000000)
  to   space 2560K, 98% used [0x00000000ebb00000,0x00000000ebd78028,0x00000000ebd80000)
 ParOldGen       total 44032K, used 6068K [0x00000000c0000000, 0x00000000c2b00000, 0x00000000eab00000)
  object space 44032K, 13% used [0x00000000c0000000,0x00000000c05ed2b0,0x00000000c2b00000)
 Metaspace       used 5996K, capacity 7024K, committed 7296K, reserved 1056768K
  class space    used 580K, capacity 616K, committed 640K, reserved 1048576K

Card table byte_map: [0x0000000003370000,0x0000000003580000] byte_map_base: 0x0000000002d70000

Marking Bits: (ParMarkBitMap*) 0x0000000065f24040
 Begin Bits: [0x0000000003ae0000, 0x0000000004ae0000)
 End Bits:   [0x0000000004ae0000, 0x0000000005ae0000)

Polling page: 0x0000000002c10000

CodeCache: size=245760Kb used=6072Kb max_used=6072Kb free=239687Kb
 bounds [0x000000000f010000, 0x000000000f610000, 0x000000001e010000]
 total_blobs=1738 nmethods=1469 adapters=182
 compilation: enabled

Compilation events (10 events):
Event: 5.405 Thread 0x00000000066dc000 nmethod 1442 0x000000000f5d6e90 code [0x000000000f5d7100, 0x000000000f5d8108]
Event: 5.412 Thread 0x000000000667a800 1443       4       com.android.dx.cf.code.ExecutionStack::peek (42 bytes)
Event: 5.413 Thread 0x000000000667a800 nmethod 1443 0x000000000f5d2250 code [0x000000000f5d23a0, 0x000000000f5d2478]
Event: 5.415 Thread 0x00000000066dc000 1444       3       com.android.dx.ssa.PhiInsn::changeResultType (17 bytes)
Event: 5.416 Thread 0x00000000066dc000 nmethod 1444 0x000000000f5d1a10 code [0x000000000f5d1ba0, 0x000000000f5d2098]
Event: 5.416 Thread 0x00000000066dc000 1445       3       java.util.Collections$UnmodifiableCollection::size (10 bytes)
Event: 5.416 Thread 0x00000000066dc000 nmethod 1445 0x000000000f5d6a50 code [0x000000000f5d6bc0, 0x000000000f5d6de8]
Event: 5.417 Thread 0x00000000066dc000 1446  s    3       com.android.dx.dex.file.FieldIdsSection::intern (55 bytes)
Event: 5.419 Thread 0x00000000066dc000 nmethod 1446 0x000000000f5e7210 code [0x000000000f5e7440, 0x000000000f5e8168]
Event: 5.419 Thread 0x000000000667a800 1447       4       com.android.dx.cf.code.ValueAwareMachine::run (1142 bytes)

GC Heap History (4 events):
Event: 3.669 GC heap before
{Heap before GC invocations=1 (full 0):
 PSYoungGen      total 18944K, used 16384K [0x00000000eab00000, 0x00000000ec000000, 0x0000000100000000)
  eden space 16384K, 100% used [0x00000000eab00000,0x00000000ebb00000,0x00000000ebb00000)
  from space 2560K, 0% used [0x00000000ebd80000,0x00000000ebd80000,0x00000000ec000000)
  to   space 2560K, 0% used [0x00000000ebb00000,0x00000000ebb00000,0x00000000ebd80000)
 ParOldGen       total 44032K, used 0K [0x00000000c0000000, 0x00000000c2b00000, 0x00000000eab00000)
  object space 44032K, 0% used [0x00000000c0000000,0x00000000c0000000,0x00000000c2b00000)
 Metaspace       used 5657K, capacity 6768K, committed 7040K, reserved 1056768K
  class space    used 579K, capacity 616K, committed 640K, reserved 1048576K
Event: 3.681 GC heap after
Heap after GC invocations=1 (full 0):
 PSYoungGen      total 18944K, used 2552K [0x00000000eab00000, 0x00000000ec000000, 0x0000000100000000)
  eden space 16384K, 0% used [0x00000000eab00000,0x00000000eab00000,0x00000000ebb00000)
  from space 2560K, 99% used [0x00000000ebb00000,0x00000000ebd7e330,0x00000000ebd80000)
  to   space 2560K, 0% used [0x00000000ebd80000,0x00000000ebd80000,0x00000000ec000000)
 ParOldGen       total 44032K, used 1579K [0x00000000c0000000, 0x00000000c2b00000, 0x00000000eab00000)
  object space 44032K, 3% used [0x00000000c0000000,0x00000000c018aeb8,0x00000000c2b00000)
 Metaspace       used 5657K, capacity 6768K, committed 7040K, reserved 1056768K
  class space    used 579K, capacity 616K, committed 640K, reserved 1048576K
}
Event: 4.541 GC heap before
{Heap before GC invocations=2 (full 0):
 PSYoungGen      total 18944K, used 18936K [0x00000000eab00000, 0x00000000ec000000, 0x0000000100000000)
  eden space 16384K, 100% used [0x00000000eab00000,0x00000000ebb00000,0x00000000ebb00000)
  from space 2560K, 99% used [0x00000000ebb00000,0x00000000ebd7e330,0x00000000ebd80000)
  to   space 2560K, 0% used [0x00000000ebd80000,0x00000000ebd80000,0x00000000ec000000)
 ParOldGen       total 44032K, used 1579K [0x00000000c0000000, 0x00000000c2b00000, 0x00000000eab00000)
  object space 44032K, 3% used [0x00000000c0000000,0x00000000c018aeb8,0x00000000c2b00000)
 Metaspace       used 5879K, capacity 6960K, committed 7040K, reserved 1056768K
  class space    used 579K, capacity 616K, committed 640K, reserved 1048576K
Event: 4.634 GC heap after
Heap after GC invocations=2 (full 0):
 PSYoungGen      total 18944K, used 2535K [0x00000000eab00000, 0x00000000ec000000, 0x0000000100000000)
  eden space 16384K, 0% used [0x00000000eab00000,0x00000000eab00000,0x00000000ebb00000)
  from space 2560K, 99% used [0x00000000ebd80000,0x00000000ebff9c88,0x00000000ec000000)
  to   space 2560K, 0% used [0x00000000ebb00000,0x00000000ebb00000,0x00000000ebd80000)
 ParOldGen       total 44032K, used 3564K [0x00000000c0000000, 0x00000000c2b00000, 0x00000000eab00000)
  object space 44032K, 8% used [0x00000000c0000000,0x00000000c037b0b8,0x00000000c2b00000)
 Metaspace       used 5879K, capacity 6960K, committed 7040K, reserved 1056768K
  class space    used 579K, capacity 616K, committed 640K, reserved 1048576K
}

Deoptimization events (10 events):
Event: 4.815 Thread 0x0000000002eb0800 Uncommon trap: reason=bimorphic action=maybe_recompile pc=0x000000000f2bc3a4 method=java.util.HashMap.getNode(ILjava/lang/Object;)Ljava/util/HashMap$Node; @ 126
Event: 4.815 Thread 0x0000000002eb0800 Uncommon trap: reason=class_check action=maybe_recompile pc=0x000000000f491824 method=java.util.HashMap.putVal(ILjava/lang/Object;Ljava/lang/Object;ZZ)Ljava/lang/Object; @ 203
Event: 4.815 Thread 0x0000000002eb0800 Uncommon trap: reason=bimorphic action=maybe_recompile pc=0x000000000f2bc3a4 method=java.util.HashMap.getNode(ILjava/lang/Object;)Ljava/util/HashMap$Node; @ 126
Event: 4.815 Thread 0x0000000002eb0800 Uncommon trap: reason=class_check action=maybe_recompile pc=0x000000000f491824 method=java.util.HashMap.putVal(ILjava/lang/Object;Ljava/lang/Object;ZZ)Ljava/lang/Object; @ 203
Event: 4.815 Thread 0x0000000002eb0800 Uncommon trap: reason=bimorphic action=maybe_recompile pc=0x000000000f28eea4 method=java.util.HashMap.getNode(ILjava/lang/Object;)Ljava/util/HashMap$Node; @ 126
Event: 4.815 Thread 0x0000000002eb0800 Uncommon trap: reason=bimorphic action=maybe_recompile pc=0x000000000f28eea4 method=java.util.HashMap.getNode(ILjava/lang/Object;)Ljava/util/HashMap$Node; @ 126
Event: 4.815 Thread 0x0000000002eb0800 Uncommon trap: reason=bimorphic action=maybe_recompile pc=0x000000000f2bc3a4 method=java.util.HashMap.getNode(ILjava/lang/Object;)Ljava/util/HashMap$Node; @ 126
Event: 4.815 Thread 0x0000000002eb0800 Uncommon trap: reason=unstable_if action=reinterpret pc=0x000000000f5017dc method=com.android.dx.rop.cst.Constant.compareTo(Lcom/android/dx/rop/cst/Constant;)I @ 12
Event: 4.821 Thread 0x0000000002eb0800 Uncommon trap: reason=class_check action=maybe_recompile pc=0x000000000f491824 method=java.util.HashMap.putVal(ILjava/lang/Object;Ljava/lang/Object;ZZ)Ljava/lang/Object; @ 203
Event: 4.821 Thread 0x0000000002eb0800 Uncommon trap: reason=class_check action=maybe_recompile pc=0x000000000f491824 method=java.util.HashMap.putVal(ILjava/lang/Object;Ljava/lang/Object;ZZ)Ljava/lang/Object; @ 203

Internal exceptions (3 events):
Event: 0.216 Thread 0x0000000002eb0800 Exception <a 'java/lang/NoSuchMethodError': Method sun.misc.Unsafe.defineClass(Ljava/lang/String;[BII)Ljava/lang/Class; name or signature does not match> (0x00000000eab0d0b0) thrown at [C:\re\workspace\8-2-build-windows-amd64-cygwin\jdk8u45\3457\hotspot\srÓ#:£ôÀ?
Event: 0.216 Thread 0x0000000002eb0800 Exception <a 'java/lang/NoSuchMethodError': Method sun.misc.Unsafe.prefetchRead(Ljava/lang/Object;J)V name or signature does not match> (0x00000000eab0d340) thrown at [C:\re\workspace\8-2-build-windows-amd64-cygwin\jdk8u45\3457\hotspot\src\share\vm\prims\jç'gfmπ@
Event: 3.716 Thread 0x0000000002eb0800 Implicit null exception at 0x000000000f33b371 to 0x000000000f33d345

Events (10 events):
Event: 4.815 Thread 0x0000000002eb0800 DEOPT UNPACKING pc=0x000000000f05582a sp=0x0000000002eade38 mode 2
Event: 4.815 Thread 0x0000000002eb0800 Uncommon trap: trap_request=0xffffff65 fr.pc=0x000000000f5017dc
Event: 4.815 Thread 0x0000000002eb0800 DEOPT PACKING pc=0x000000000f5017dc sp=0x0000000002eadf30
Event: 4.815 Thread 0x0000000002eb0800 DEOPT UNPACKING pc=0x000000000f05582a sp=0x0000000002eaded0 mode 2
Event: 4.821 Thread 0x0000000002eb0800 Uncommon trap: trap_request=0xffffffde fr.pc=0x000000000f491824
Event: 4.821 Thread 0x0000000002eb0800 DEOPT PACKING pc=0x000000000f491824 sp=0x0000000002eae200
Event: 4.821 Thread 0x0000000002eb0800 DEOPT UNPACKING pc=0x000000000f05582a sp=0x0000000002eae188 mode 2
Event: 4.821 Thread 0x0000000002eb0800 Uncommon trap: trap_request=0xffffffde fr.pc=0x000000000f491824
Event: 4.821 Thread 0x0000000002eb0800 DEOPT PACKING pc=0x000000000f491824 sp=0x0000000002eae200
Event: 4.821 Thread 0x0000000002eb0800 DEOPT UNPACKING pc=0x000000000f05582a sp=0x0000000002eae188 mode 2


Dynamic libraries:
0x00007ff7c7ad0000 - 0x00007ff7c7b07000 	C:\Program Files\Java\jdk1.8.0_45\bin\java.exe
0x00007ff953650000 - 0x00007ff953811000 	C:\WINDOWS\SYSTEM32\ntdll.dll
0x00007ff953070000 - 0x00007ff95311d000 	C:\WINDOWS\system32\KERNEL32.DLL
0x00007ff9508c0000 - 0x00007ff950a9d000 	C:\WINDOWS\system32\KERNELBASE.dll
0x00007ff950d20000 - 0x00007ff950dc6000 	C:\WINDOWS\system32\ADVAPI32.dll
0x00007ff9510b0000 - 0x00007ff95114d000 	C:\WINDOWS\system32\msvcrt.dll
0x00007ff953580000 - 0x00007ff9535db000 	C:\WINDOWS\system32\sechost.dll
0x00007ff952df0000 - 0x00007ff952f16000 	C:\WINDOWS\system32\RPCRT4.dll
0x00007ff952f20000 - 0x00007ff95306e000 	C:\WINDOWS\system32\USER32.dll
0x00007ff952c20000 - 0x00007ff952da6000 	C:\WINDOWS\system32\GDI32.dll
0x00007ff94c1c0000 - 0x00007ff94c434000 	C:\WINDOWS\WinSxS\amd64_microsoft.windows.common-controls_6595b64144ccf1df_6.0.10240.16384_none_f41f7b285750ef43\COMCTL32.dll
0x00007ff952db0000 - 0x00007ff952de6000 	C:\WINDOWS\system32\IMM32.DLL
0x00007ff952ac0000 - 0x00007ff952c1c000 	C:\WINDOWS\system32\MSCTF.dll
0x00007ff94ff70000 - 0x00007ff94ffa1000 	C:\Windows\system32\nvinitx.dll
0x00007ff94ff60000 - 0x00007ff94ff6a000 	C:\WINDOWS\SYSTEM32\VERSION.dll
0x000000000f000000 - 0x000000000f006000 	C:\Program Files\NVIDIA Corporation\CoProcManager\_etoured.dll
0x00007ff94d6e0000 - 0x00007ff94d712000 	C:\Program Files\NVIDIA Corporation\CoProcManager\nvd3d9wrapx.dll
0x00007ff950ee0000 - 0x00007ff9510a5000 	C:\WINDOWS\system32\SETUPAPI.dll
0x00007ff950b00000 - 0x00007ff950b44000 	C:\WINDOWS\system32\CFGMGR32.dll
0x00007ff94d6b0000 - 0x00007ff94d6d2000 	C:\Program Files\NVIDIA Corporation\CoProcManager\nvdxgiwrapx.dll
0x0000000067160000 - 0x0000000067232000 	C:\Program Files\Java\jdk1.8.0_45\jre\bin\msvcr100.dll
0x0000000065720000 - 0x0000000065fa3000 	C:\Program Files\Java\jdk1.8.0_45\jre\bin\server\jvm.dll
0x00007ff951220000 - 0x00007ff951228000 	C:\WINDOWS\system32\PSAPI.DLL
0x00007ff9438f0000 - 0x00007ff9438f9000 	C:\WINDOWS\SYSTEM32\WSOCK32.dll
0x00007ff9511b0000 - 0x00007ff951219000 	C:\WINDOWS\system32\WS2_32.dll
0x00007ff9533c0000 - 0x00007ff9533c8000 	C:\WINDOWS\system32\NSI.dll
0x00007ff94c550000 - 0x00007ff94c573000 	C:\WINDOWS\SYSTEM32\WINMM.dll
0x00007ff94c190000 - 0x00007ff94c1bc000 	C:\WINDOWS\SYSTEM32\WINMMBASE.dll
0x00007ff94e9e0000 - 0x00007ff94ea07000 	C:\WINDOWS\SYSTEM32\DEVOBJ.dll
0x0000000065710000 - 0x000000006571f000 	C:\Program Files\Java\jdk1.8.0_45\jre\bin\verify.dll
0x00000000656e0000 - 0x0000000065709000 	C:\Program Files\Java\jdk1.8.0_45\jre\bin\java.dll
0x00000000656c0000 - 0x00000000656d6000 	C:\Program Files\Java\jdk1.8.0_45\jre\bin\zip.dll
0x00007ff951380000 - 0x00007ff9528a2000 	C:\WINDOWS\system32\SHELL32.dll
0x00007ff9501d0000 - 0x00007ff9507f9000 	C:\WINDOWS\system32\windows.storage.dll
0x00007ff953120000 - 0x00007ff95339c000 	C:\WINDOWS\system32\combase.dll
0x00007ff951150000 - 0x00007ff9511a1000 	C:\WINDOWS\system32\shlwapi.dll
0x00007ff9500a0000 - 0x00007ff9500af000 	C:\WINDOWS\system32\kernel.appcore.dll
0x0000000002ce0000 - 0x0000000002d93000 	C:\WINDOWS\system32\shcore.dll
0x00007ff9500d0000 - 0x00007ff95011a000 	C:\WINDOWS\system32\powrprof.dll
0x00007ff9500b0000 - 0x00007ff9500c3000 	C:\WINDOWS\system32\profapi.dll
0x00007ff93e470000 - 0x00007ff93e5fa000 	C:\WINDOWS\SYSTEM32\dbghelp.dll

VM Arguments:
jvm_args: -Xmx1024M -Dfile.encoding=windows-1252 -Duser.country=US -Duser.language=en -Duser.variant 
java_command: com.android.dx.command.Main --dex --num-threads=4 --output C:\Users\Alex\AndroidStudioProjects\Leroy\app\build\intermediates\pre-dexed\debug\classes-6bc4a680ed593d78ffe4aa9d03a5b9e296bfcdb7.jar C:\Users\Alex\AndroidStudioProjects\Leroy\app\build\intermediates\exploded-aar\com.google.android.gms\play-services-maps\7.5.0\jars\classes.jar
java_class_path (initial): C:\Users\Alex\AppData\Local\Android\sdk\build-tools\23.0.0_rc2\lib\dx.jar
Launcher Type: SUN_STANDARD

Environment Variables:
JAVA_HOME=C:\Program Files\Java\jdk1.8.0_45
PATH=C:\Program Files (x86)\NVIDIA Corporation\PhysX\Common;C:\ProgramData\Oracle\Java\javapath;C:\WINDOWS\system32;C:\WINDOWS;C:\WINDOWS\System32\Wbem;C:\WINDOWS\System32\WindowsPowerShell\v1.0\;C:\Program Files (x86)\Intel\OpenCL SDK\2.0\bin\x86;C:\Program Files (x86)\Intel\OpenCL SDK\2.0\bin\x64;C:\Program Files\Broadcom\Broadcom 802.11 Network Adapter\Driver;D:\MATLAB\R2014a\runtime\win64;D:\MATLAB\R2014a\bin;D:\MATLAB\R2014a\polyspace\bin;C:\Program Files (x86)\Common Files\lenovo\easyplussdk\bin
USERNAME=Alex
OS=Windows_NT
PROCESSOR_IDENTIFIER=Intel64 Family 6 Model 42 Stepping 7, GenuineIntel



---------------  S Y S T E M  ---------------

OS: Windows 10.0 , 64 bit Build 10240 (10.0.10240.16384)

CPU:total 4 (2 cores per cpu, 2 threads per core) family 6 model 42 stepping 7, cmov, cx8, fxsr, mmx, sse, sse2, sse3, ssse3, sse4.1, sse4.2, popcnt, avx, clmul, ht, tsc, tscinvbit

Memory: 4k page, physical 4092268k(163496k free), swap 7237996k(2660k free)

vm_info: Java HotSpot(TM) 64-Bit Server VM (25.45-b02) for windows-amd64 JRE (1.8.0_45-b14), built on Apr 10 2015 10:34:15 by "java_re" with MS VC++ 10.0 (VS2010)

time: Mon Aug 03 16:26:04 2015
elapsed time: 5 seconds (0d 0h 0m 5s)

