#
# There is insufficient memory for the Java Runtime Environment to continue.
# Native memory allocation (malloc) failed to allocate 1282656 bytes for Chunk::new
# Possible reasons:
#   The system is out of physical RAM or swap space
#   In 32 bit mode, the process size limit was hit
# Possible solutions:
#   Reduce memory load on the system
#   Increase physical memory or swap space
#   Check if swap backing store is full
#   Use 64 bit Java on a 64 bit OS
#   Decrease Java heap size (-Xmx/-Xms)
#   Decrease number of Java threads
#   Decrease Java thread stack sizes (-Xss)
#   Set larger code cache with -XX:ReservedCodeCacheSize=
# This output file may be truncated or incomplete.
#
#  Out of Memory Error (allocation.cpp:390), pid=33512, tid=32580
#
# JRE version: Java(TM) SE Runtime Environment (8.0_45-b14) (build 1.8.0_45-b14)
# Java VM: Java HotSpot(TM) 64-Bit Server VM (25.45-b02 mixed mode windows-amd64 compressed oops)
# Failed to write core dump. Minidumps are not enabled by default on client versions of Windows
#

---------------  T H R E A D  ---------------

Current thread (0x0000000005ea9800):  JavaThread "C2 CompilerThread0" daemon [_thread_in_native, id=32580, stack(0x0000000007410000,0x0000000007510000)]

Stack: [0x0000000007410000,0x0000000007510000]
Native frames: (J=compiled Java code, j=interpreted, Vv=VM code, C=native code)
V  [jvm.dll+0x32b57a]


Current CompileTask:
C2:   2687 1225   !   4       com.android.dx.cf.code.BytecodeArray::parseInstruction (2764 bytes)


---------------  P R O C E S S  ---------------

Java Threads: ( => current thread )
  0x000000000797b800 JavaThread "pool-1-thread-4" [_thread_in_Java, id=33628, stack(0x0000000008110000,0x0000000008210000)]
  0x000000000797b000 JavaThread "pool-1-thread-3" [_thread_in_Java, id=32796, stack(0x0000000008010000,0x0000000008110000)]
  0x000000000797a000 JavaThread "pool-1-thread-2" [_thread_blocked, id=32804, stack(0x0000000007f10000,0x0000000008010000)]
  0x0000000007977800 JavaThread "pool-2-thread-1" [_thread_blocked, id=33304, stack(0x0000000007e10000,0x0000000007f10000)]
  0x0000000007977000 JavaThread "pool-1-thread-1" [_thread_in_Java, id=30140, stack(0x0000000007d10000,0x0000000007e10000)]
  0x0000000007746800 JavaThread "Service Thread" daemon [_thread_blocked, id=31980, stack(0x0000000007b10000,0x0000000007c10000)]
  0x0000000005eb9800 JavaThread "C1 CompilerThread2" daemon [_thread_blocked, id=27344, stack(0x0000000007610000,0x0000000007710000)]
  0x0000000005eb1000 JavaThread "C2 CompilerThread1" daemon [_thread_in_native, id=32600, stack(0x0000000007510000,0x0000000007610000)]
=>0x0000000005ea9800 JavaThread "C2 CompilerThread0" daemon [_thread_in_native, id=32580, stack(0x0000000007410000,0x0000000007510000)]
  0x0000000005ea7800 JavaThread "Attach Listener" daemon [_thread_blocked, id=32584, stack(0x0000000007310000,0x0000000007410000)]
  0x0000000005ea6000 JavaThread "Signal Dispatcher" daemon [_thread_blocked, id=32572, stack(0x0000000007210000,0x0000000007310000)]
  0x00000000027d7000 JavaThread "Finalizer" daemon [_thread_blocked, id=33280, stack(0x0000000007110000,0x0000000007210000)]
  0x00000000027cd000 JavaThread "Reference Handler" daemon [_thread_blocked, id=33596, stack(0x0000000007010000,0x0000000007110000)]
  0x00000000026e0800 JavaThread "main" [_thread_in_vm, id=33436, stack(0x00000000025e0000,0x00000000026e0000)]

Other Threads:
  0x0000000005e77800 VMThread [stack: 0x0000000006f10000,0x0000000007010000] [id=31808]
  0x0000000007747000 WatcherThread [stack: 0x0000000007c10000,0x0000000007d10000] [id=27036]

VM state:not at safepoint (normal execution)

VM Mutex/Monitor currently owned by a thread: None

Heap:
 PSYoungGen      total 18944K, used 15277K [0x00000000eab00000, 0x00000000ed000000, 0x0000000100000000)
  eden space 16384K, 77% used [0x00000000eab00000,0x00000000eb770a80,0x00000000ebb00000)
  from space 2560K, 99% used [0x00000000ebb00000,0x00000000ebd7aaa8,0x00000000ebd80000)
  to   space 2560K, 0% used [0x00000000ecd80000,0x00000000ecd80000,0x00000000ed000000)
 ParOldGen       total 44032K, used 1637K [0x00000000c0000000, 0x00000000c2b00000, 0x00000000eab00000)
  object space 44032K, 3% used [0x00000000c0000000,0x00000000c0199670,0x00000000c2b00000)
 Metaspace       used 5832K, capacity 6896K, committed 7040K, reserved 1056768K
  class space    used 579K, capacity 616K, committed 640K, reserved 1048576K

Card table byte_map: [0x0000000002ba0000,0x0000000002db0000] byte_map_base: 0x00000000025a0000

Marking Bits: (ParMarkBitMap*) 0x0000000065f24040
 Begin Bits: [0x0000000003310000, 0x0000000004310000)
 End Bits:   [0x0000000004310000, 0x0000000005310000)

Polling page: 0x0000000000920000

CodeCache: size=245760Kb used=4932Kb max_used=4936Kb free=240827Kb
 bounds [0x000000000f010000, 0x000000000f4f0000, 0x000000001e010000]
 total_blobs=1519 nmethods=1250 adapters=182
 compilation: enabled

Compilation events (10 events):
Event: 2.671 Thread 0x0000000005eb9800 nmethod 1241 0x000000000f4dba10 code [0x000000000f4dbba0, 0x000000000f4dc1f8]
Event: 2.671 Thread 0x0000000005eb9800 1244       3       com.android.dx.rop.cst.TypedConstant::getFrameType (2 bytes)
Event: 2.671 Thread 0x0000000005eb9800 nmethod 1244 0x000000000f4ceb90 code [0x000000000f4cece0, 0x000000000f4cee30]
Event: 2.671 Thread 0x0000000005eb9800 1243       1       com.android.dx.rop.annotation.NameValuePair::getValue (5 bytes)
Event: 2.671 Thread 0x0000000005eb9800 nmethod 1243 0x000000000f4d70d0 code [0x000000000f4d7220, 0x000000000f4d7330]
Event: 2.673 Thread 0x0000000005eb9800 1247       3       com.android.dx.cf.code.Simulator$SimVisitor::visitBranch (341 bytes)
Event: 2.675 Thread 0x0000000005eb9800 nmethod 1247 0x000000000f4dc3d0 code [0x000000000f4dc660, 0x000000000f4dd748]
Event: 2.675 Thread 0x0000000005eb9800 1248       3       com.android.dx.cf.code.Frame::mergeWith (80 bytes)
Event: 2.677 Thread 0x0000000005eb9800 nmethod 1248 0x000000000f4de050 code [0x000000000f4de280, 0x000000000f4df268]
Event: 2.681 Thread 0x0000000005eb9800 1249       3       java.util.HashMap$HashIterator::<init> (79 bytes)

GC Heap History (2 events):
Event: 1.794 GC heap before
{Heap before GC invocations=1 (full 0):
 PSYoungGen      total 18944K, used 16384K [0x00000000eab00000, 0x00000000ec000000, 0x0000000100000000)
  eden space 16384K, 100% used [0x00000000eab00000,0x00000000ebb00000,0x00000000ebb00000)
  from space 2560K, 0% used [0x00000000ebd80000,0x00000000ebd80000,0x00000000ec000000)
  to   space 2560K, 0% used [0x00000000ebb00000,0x00000000ebb00000,0x00000000ebd80000)
 ParOldGen       total 44032K, used 0K [0x00000000c0000000, 0x00000000c2b00000, 0x00000000eab00000)
  object space 44032K, 0% used [0x00000000c0000000,0x00000000c0000000,0x00000000c2b00000)
 Metaspace       used 5629K, capacity 6704K, committed 6784K, reserved 1056768K
  class space    used 578K, capacity 616K, committed 640K, reserved 1048576K
Event: 1.968 GC heap after
Heap after GC invocations=1 (full 0):
 PSYoungGen      total 18944K, used 2538K [0x00000000eab00000, 0x00000000ed000000, 0x0000000100000000)
  eden space 16384K, 0% used [0x00000000eab00000,0x00000000eab00000,0x00000000ebb00000)
  from space 2560K, 99% used [0x00000000ebb00000,0x00000000ebd7aaa8,0x00000000ebd80000)
  to   space 2560K, 0% used [0x00000000ecd80000,0x00000000ecd80000,0x00000000ed000000)
 ParOldGen       total 44032K, used 1637K [0x00000000c0000000, 0x00000000c2b00000, 0x00000000eab00000)
  object space 44032K, 3% used [0x00000000c0000000,0x00000000c0199670,0x00000000c2b00000)
 Metaspace       used 5629K, capacity 6704K, committed 6784K, reserved 1056768K
  class space    used 578K, capacity 616K, committed 640K, reserved 1048576K
}

Deoptimization events (5 events):
Event: 1.186 Thread 0x000000000797a000 Uncommon trap: reason=class_check action=maybe_recompile pc=0x000000000f254970 method=com.android.dx.ssa.NormalSsaInsn.accept(Lcom/android/dx/ssa/SsaInsn$Visitor;)V @ 9
Event: 1.186 Thread 0x000000000797a000 Uncommon trap: reason=class_check action=maybe_recompile pc=0x000000000f254970 method=com.android.dx.ssa.NormalSsaInsn.accept(Lcom/android/dx/ssa/SsaInsn$Visitor;)V @ 9
Event: 1.186 Thread 0x000000000797a000 Uncommon trap: reason=class_check action=maybe_recompile pc=0x000000000f254970 method=com.android.dx.ssa.NormalSsaInsn.accept(Lcom/android/dx/ssa/SsaInsn$Visitor;)V @ 9
Event: 1.186 Thread 0x000000000797a000 Uncommon trap: reason=class_check action=maybe_recompile pc=0x000000000f254970 method=com.android.dx.ssa.NormalSsaInsn.accept(Lcom/android/dx/ssa/SsaInsn$Visitor;)V @ 9
Event: 2.639 Thread 0x000000000797b800 Uncommon trap: reason=unstable_if action=reinterpret pc=0x000000000f3dc39c method=com.android.dx.ssa.SsaMethod.updateOneDefinition(Lcom/android/dx/ssa/SsaInsn;Lcom/android/dx/rop/code/RegisterSpec;)V @ 4

Internal exceptions (2 events):
Event: 0.203 Thread 0x00000000026e0800 Exception <a 'java/lang/NoSuchMethodError': Method sun.misc.Unsafe.defineClass(Ljava/lang/String;[BII)Ljava/lang/Class; name or signature does not match> (0x00000000eab0d238) thrown at [C:\re\workspace\8-2-build-windows-amd64-cygwin\jdk8u45\3457\hotspot\sr<Šƒ
Event: 0.203 Thread 0x00000000026e0800 Exception <a 'java/lang/NoSuchMethodError': Method sun.misc.Unsafe.prefetchRead(Ljava/lang/Object;J)V name or signature does not match> (0x00000000eab0d4c8) thrown at [C:\re\workspace\8-2-build-windows-amd64-cygwin\jdk8u45\3457\hotspot\src\share\vm\prims\j

Events (10 events):
Event: 1.968 Executing VM operation: ParallelGCFailedAllocation done
Event: 1.986 loading class com/android/dx/cf/attrib/AttLocalVariableTypeTable
Event: 1.986 loading class com/android/dx/cf/attrib/AttLocalVariableTypeTable done
Event: 2.611 loading class com/android/dx/cf/attrib/AttExceptions
Event: 2.611 loading class com/android/dx/cf/attrib/AttExceptions done
Event: 2.638 loading class com/android/dx/rop/code/RegOps
Event: 2.638 loading class com/android/dx/rop/code/RegOps done
Event: 2.639 Thread 0x000000000797b800 Uncommon trap: trap_request=0xffffff65 fr.pc=0x000000000f3dc39c
Event: 2.639 Thread 0x000000000797b800 DEOPT PACKING pc=0x000000000f3dc39c sp=0x000000000820e980
Event: 2.639 Thread 0x000000000797b800 DEOPT UNPACKING pc=0x000000000f05582a sp=0x000000000820e928 mode 2


Dynamic libraries:
0x00007ff7c7ad0000 - 0x00007ff7c7b07000 	C:\Program Files\Java\jdk1.8.0_45\bin\java.exe
0x00007ff953650000 - 0x00007ff953811000 	C:\WINDOWS\SYSTEM32\ntdll.dll
0x00007ff953070000 - 0x00007ff95311d000 	C:\WINDOWS\system32\KERNEL32.DLL
0x00007ff9508c0000 - 0x00007ff950a9d000 	C:\WINDOWS\system32\KERNELBASE.dll
0x00007ff950d20000 - 0x00007ff950dc6000 	C:\WINDOWS\system32\ADVAPI32.dll
0x00007ff9510b0000 - 0x00007ff95114d000 	C:\WINDOWS\system32\msvcrt.dll
0x00007ff953580000 - 0x00007ff9535db000 	C:\WINDOWS\system32\sechost.dll
0x00007ff952df0000 - 0x00007ff952f16000 	C:\WINDOWS\system32\RPCRT4.dll
0x00007ff952f20000 - 0x00007ff95306e000 	C:\WINDOWS\system32\USER32.dll
0x00007ff952c20000 - 0x00007ff952da6000 	C:\WINDOWS\system32\GDI32.dll
0x00007ff94c1c0000 - 0x00007ff94c434000 	C:\WINDOWS\WinSxS\amd64_microsoft.windows.common-controls_6595b64144ccf1df_6.0.10240.16384_none_f41f7b285750ef43\COMCTL32.dll
0x00007ff952db0000 - 0x00007ff952de6000 	C:\WINDOWS\system32\IMM32.DLL
0x00007ff952ac0000 - 0x00007ff952c1c000 	C:\WINDOWS\system32\MSCTF.dll
0x00007ff94ff70000 - 0x00007ff94ffa1000 	C:\Windows\system32\nvinitx.dll
0x00007ff94ff60000 - 0x00007ff94ff6a000 	C:\WINDOWS\SYSTEM32\VERSION.dll
0x000000000f000000 - 0x000000000f006000 	C:\Program Files\NVIDIA Corporation\CoProcManager\_etoured.dll
0x00007ff94d6e0000 - 0x00007ff94d712000 	C:\Program Files\NVIDIA Corporation\CoProcManager\nvd3d9wrapx.dll
0x00007ff950ee0000 - 0x00007ff9510a5000 	C:\WINDOWS\system32\SETUPAPI.dll
0x00007ff950b00000 - 0x00007ff950b44000 	C:\WINDOWS\system32\CFGMGR32.dll
0x00007ff94d6b0000 - 0x00007ff94d6d2000 	C:\Program Files\NVIDIA Corporation\CoProcManager\nvdxgiwrapx.dll
0x0000000067160000 - 0x0000000067232000 	C:\Program Files\Java\jdk1.8.0_45\jre\bin\msvcr100.dll
0x0000000065720000 - 0x0000000065fa3000 	C:\Program Files\Java\jdk1.8.0_45\jre\bin\server\jvm.dll
0x00007ff951220000 - 0x00007ff951228000 	C:\WINDOWS\system32\PSAPI.DLL
0x00007ff9438f0000 - 0x00007ff9438f9000 	C:\WINDOWS\SYSTEM32\WSOCK32.dll
0x00007ff94c550000 - 0x00007ff94c573000 	C:\WINDOWS\SYSTEM32\WINMM.dll
0x00007ff9511b0000 - 0x00007ff951219000 	C:\WINDOWS\system32\WS2_32.dll
0x00007ff9533c0000 - 0x00007ff9533c8000 	C:\WINDOWS\system32\NSI.dll
0x00007ff94c190000 - 0x00007ff94c1bc000 	C:\WINDOWS\SYSTEM32\WINMMBASE.dll
0x00007ff94e9e0000 - 0x00007ff94ea07000 	C:\WINDOWS\SYSTEM32\DEVOBJ.dll
0x0000000065710000 - 0x000000006571f000 	C:\Program Files\Java\jdk1.8.0_45\jre\bin\verify.dll
0x00000000656e0000 - 0x0000000065709000 	C:\Program Files\Java\jdk1.8.0_45\jre\bin\java.dll
0x00000000656c0000 - 0x00000000656d6000 	C:\Program Files\Java\jdk1.8.0_45\jre\bin\zip.dll
0x00007ff951380000 - 0x00007ff9528a2000 	C:\WINDOWS\system32\SHELL32.dll
0x00007ff9501d0000 - 0x00007ff9507f9000 	C:\WINDOWS\system32\windows.storage.dll
0x00007ff953120000 - 0x00007ff95339c000 	C:\WINDOWS\system32\combase.dll
0x00007ff951150000 - 0x00007ff9511a1000 	C:\WINDOWS\system32\shlwapi.dll
0x00007ff9500a0000 - 0x00007ff9500af000 	C:\WINDOWS\system32\kernel.appcore.dll
0x0000000002500000 - 0x00000000025b3000 	C:\WINDOWS\system32\shcore.dll
0x00007ff9500d0000 - 0x00007ff95011a000 	C:\WINDOWS\system32\powrprof.dll
0x00007ff9500b0000 - 0x00007ff9500c3000 	C:\WINDOWS\system32\profapi.dll
0x00007ff93e470000 - 0x00007ff93e5fa000 	C:\WINDOWS\SYSTEM32\dbghelp.dll

VM Arguments:
jvm_args: -Xmx1024M -Dfile.encoding=windows-1252 -Duser.country=US -Duser.language=en -Duser.variant 
java_command: com.android.dx.command.Main --dex --num-threads=4 --output C:\Users\Alex\AndroidStudioProjects\Leroy\app\build\intermediates\pre-dexed\debug\classes-e1923d81551ad7c3f3532176296721acaa437031.jar C:\Users\Alex\AndroidStudioProjects\Leroy\app\build\intermediates\exploded-aar\com.google.android.gms\play-services-drive\7.5.0\jars\classes.jar
java_class_path (initial): C:\Users\Alex\AppData\Local\Android\sdk\build-tools\23.0.0_rc2\lib\dx.jar
Launcher Type: SUN_STANDARD

Environment Variables:
JAVA_HOME=C:\Program Files\Java\jdk1.8.0_45
PATH=C:\Program Files (x86)\NVIDIA Corporation\PhysX\Common;C:\ProgramData\Oracle\Java\javapath;C:\WINDOWS\system32;C:\WINDOWS;C:\WINDOWS\System32\Wbem;C:\WINDOWS\System32\WindowsPowerShell\v1.0\;C:\Program Files (x86)\Intel\OpenCL SDK\2.0\bin\x86;C:\Program Files (x86)\Intel\OpenCL SDK\2.0\bin\x64;C:\Program Files\Broadcom\Broadcom 802.11 Network Adapter\Driver;D:\MATLAB\R2014a\runtime\win64;D:\MATLAB\R2014a\bin;D:\MATLAB\R2014a\polyspace\bin;C:\Program Files (x86)\Common Files\lenovo\easyplussdk\bin
USERNAME=Alex
OS=Windows_NT
PROCESSOR_IDENTIFIER=Intel64 Family 6 Model 42 Stepping 7, GenuineIntel



---------------  S Y S T E M  ---------------

OS: Windows 10.0 , 64 bit Build 10240 (10.0.10240.16384)

CPU:total 4 (2 cores per cpu, 2 threads per core) family 6 model 42 stepping 7, cmov, cx8, fxsr, mmx, sse, sse2, sse3, ssse3, sse4.1, sse4.2, popcnt, avx, clmul, ht, tsc, tscinvbit

Memory: 4k page, physical 4092268k(226484k free), swap 7237996k(6972k free)

vm_info: Java HotSpot(TM) 64-Bit Server VM (25.45-b02) for windows-amd64 JRE (1.8.0_45-b14), built on Apr 10 2015 10:34:15 by "java_re" with MS VC++ 10.0 (VS2010)

time: Mon Aug 03 16:25:58 2015
elapsed time: 2 seconds (0d 0h 0m 2s)

