#
# There is insufficient memory for the Java Runtime Environment to continue.
# Native memory allocation (malloc) failed to allocate 1048576 bytes for AllocateHeap
# Possible reasons:
#   The system is out of physical RAM or swap space
#   In 32 bit mode, the process size limit was hit
# Possible solutions:
#   Reduce memory load on the system
#   Increase physical memory or swap space
#   Check if swap backing store is full
#   Use 64 bit Java on a 64 bit OS
#   Decrease Java heap size (-Xmx/-Xms)
#   Decrease number of Java threads
#   Decrease Java thread stack sizes (-Xss)
#   Set larger code cache with -XX:ReservedCodeCacheSize=
# This output file may be truncated or incomplete.
#
#  Out of Memory Error (memory/allocation.inline.hpp:61), pid=33152, tid=32764
#
# JRE version:  (8.0_45-b14) (build )
# Java VM: Java HotSpot(TM) 64-Bit Server VM (25.45-b02 mixed mode windows-amd64 compressed oops)
# Failed to write core dump. Minidumps are not enabled by default on client versions of Windows
#

---------------  T H R E A D  ---------------

Current thread (0x0000000002080800):  JavaThread "Unknown thread" [_thread_in_vm, id=32764, stack(0x0000000001eb0000,0x0000000001fb0000)]

Stack: [0x0000000001eb0000,0x0000000001fb0000]
Native frames: (J=compiled Java code, j=interpreted, Vv=VM code, C=native code)
V  [jvm.dll+0x32b57a]
V  [jvm.dll+0x279873]
V  [jvm.dll+0x27a509]
V  [jvm.dll+0x271825]
V  [jvm.dll+0x1606]
V  [jvm.dll+0x270892]
V  [jvm.dll+0x3eee4a]
V  [jvm.dll+0x3ea7a7]
V  [jvm.dll+0xf2cf2]
V  [jvm.dll+0x20f0c9]
V  [jvm.dll+0x240e0a]
V  [jvm.dll+0x15ba41]
C  [java.exe+0x216e]
C  [java.exe+0xcce7]
C  [java.exe+0xcd7b]
C  [KERNEL32.DLL+0x12d92]
C  [ntdll.dll+0x9f64]


---------------  P R O C E S S  ---------------

Java Threads: ( => current thread )

Other Threads:

=>0x0000000002080800 (exited) JavaThread "Unknown thread" [_thread_in_vm, id=32764, stack(0x0000000001eb0000,0x0000000001fb0000)]

VM state:not at safepoint (normal execution)

VM Mutex/Monitor currently owned by a thread: None

Heap:
 PSYoungGen      total 18944K, used 327K [0x00000000eab00000, 0x00000000ec000000, 0x0000000100000000)
  eden space 16384K, 2% used [0x00000000eab00000,0x00000000eab51ec8,0x00000000ebb00000)
  from space 2560K, 0% used [0x00000000ebd80000,0x00000000ebd80000,0x00000000ec000000)
  to   space 2560K, 0% used [0x00000000ebb00000,0x00000000ebb00000,0x00000000ebd80000)
 ParOldGen       total 44032K, used 0K [0x00000000c0000000, 0x00000000c2b00000, 0x00000000eab00000)
  object space 44032K, 0% used [0x00000000c0000000,0x00000000c0000000,0x00000000c2b00000)
 Metaspace       used 766K, capacity 4480K, committed 4480K, reserved 1056768K
  class space    used 75K, capacity 384K, committed 384K, reserved 1048576K

Card table byte_map: [0x0000000002540000,0x0000000002750000] byte_map_base: 0x0000000001f40000

Marking Bits: (ParMarkBitMap*) 0x0000000065f24040
 Begin Bits: [0x0000000002cb0000, 0x0000000003cb0000)
 End Bits:   [0x0000000003cb0000, 0x0000000004cb0000)

Polling page: 0x0000000001e60000

CodeCache: size=245760Kb used=328Kb max_used=328Kb free=245431Kb
 bounds [0x000000000f010000, 0x000000000f280000, 0x000000001e010000]
 total_blobs=57 nmethods=0 adapters=37
 compilation: enabled

Compilation events (0 events):
No events

GC Heap History (0 events):
No events

Deoptimization events (0 events):
No events

Internal exceptions (0 events):
No events

Events (10 events):
Event: 0.134 loading class java/lang/Short
Event: 0.134 loading class java/lang/Short done
Event: 0.134 loading class java/lang/Integer
Event: 0.134 loading class java/lang/Integer done
Event: 0.134 loading class java/lang/Long
Event: 0.134 loading class java/lang/Long done
Event: 0.135 loading class java/lang/NullPointerException
Event: 0.135 loading class java/lang/NullPointerException done
Event: 0.135 loading class java/lang/ArithmeticException
Event: 0.135 loading class java/lang/ArithmeticException done


Dynamic libraries:
0x00007ff7c7ad0000 - 0x00007ff7c7b07000 	C:\Program Files\Java\jdk1.8.0_45\bin\java.exe
0x00007ff953650000 - 0x00007ff953811000 	C:\WINDOWS\SYSTEM32\ntdll.dll
0x00007ff953070000 - 0x00007ff95311d000 	C:\WINDOWS\system32\KERNEL32.DLL
0x00007ff9508c0000 - 0x00007ff950a9d000 	C:\WINDOWS\system32\KERNELBASE.dll
0x00007ff950d20000 - 0x00007ff950dc6000 	C:\WINDOWS\system32\ADVAPI32.dll
0x00007ff9510b0000 - 0x00007ff95114d000 	C:\WINDOWS\system32\msvcrt.dll
0x00007ff953580000 - 0x00007ff9535db000 	C:\WINDOWS\system32\sechost.dll
0x00007ff952df0000 - 0x00007ff952f16000 	C:\WINDOWS\system32\RPCRT4.dll
0x00007ff952f20000 - 0x00007ff95306e000 	C:\WINDOWS\system32\USER32.dll
0x00007ff952c20000 - 0x00007ff952da6000 	C:\WINDOWS\system32\GDI32.dll
0x00007ff94c1c0000 - 0x00007ff94c434000 	C:\WINDOWS\WinSxS\amd64_microsoft.windows.common-controls_6595b64144ccf1df_6.0.10240.16384_none_f41f7b285750ef43\COMCTL32.dll
0x00007ff952db0000 - 0x00007ff952de6000 	C:\WINDOWS\system32\IMM32.DLL
0x00007ff952ac0000 - 0x00007ff952c1c000 	C:\WINDOWS\system32\MSCTF.dll
0x00007ff94ff70000 - 0x00007ff94ffa1000 	C:\Windows\system32\nvinitx.dll
0x00007ff94ff60000 - 0x00007ff94ff6a000 	C:\WINDOWS\SYSTEM32\VERSION.dll
0x000000000f000000 - 0x000000000f006000 	C:\Program Files\NVIDIA Corporation\CoProcManager\_etoured.dll
0x00007ff94d6e0000 - 0x00007ff94d712000 	C:\Program Files\NVIDIA Corporation\CoProcManager\nvd3d9wrapx.dll
0x00007ff950ee0000 - 0x00007ff9510a5000 	C:\WINDOWS\system32\SETUPAPI.dll
0x00007ff950b00000 - 0x00007ff950b44000 	C:\WINDOWS\system32\CFGMGR32.dll
0x00007ff94d6b0000 - 0x00007ff94d6d2000 	C:\Program Files\NVIDIA Corporation\CoProcManager\nvdxgiwrapx.dll
0x0000000067160000 - 0x0000000067232000 	C:\Program Files\Java\jdk1.8.0_45\jre\bin\msvcr100.dll
0x0000000065720000 - 0x0000000065fa3000 	C:\Program Files\Java\jdk1.8.0_45\jre\bin\server\jvm.dll
0x00007ff951220000 - 0x00007ff951228000 	C:\WINDOWS\system32\PSAPI.DLL
0x00007ff9438f0000 - 0x00007ff9438f9000 	C:\WINDOWS\SYSTEM32\WSOCK32.dll
0x00007ff94c550000 - 0x00007ff94c573000 	C:\WINDOWS\SYSTEM32\WINMM.dll
0x00007ff9511b0000 - 0x00007ff951219000 	C:\WINDOWS\system32\WS2_32.dll
0x00007ff9533c0000 - 0x00007ff9533c8000 	C:\WINDOWS\system32\NSI.dll
0x00007ff94c190000 - 0x00007ff94c1bc000 	C:\WINDOWS\SYSTEM32\WINMMBASE.dll
0x00007ff94e9e0000 - 0x00007ff94ea07000 	C:\WINDOWS\SYSTEM32\DEVOBJ.dll
0x0000000065710000 - 0x000000006571f000 	C:\Program Files\Java\jdk1.8.0_45\jre\bin\verify.dll
0x00000000656e0000 - 0x0000000065709000 	C:\Program Files\Java\jdk1.8.0_45\jre\bin\java.dll
0x00000000656c0000 - 0x00000000656d6000 	C:\Program Files\Java\jdk1.8.0_45\jre\bin\zip.dll
0x00007ff93e470000 - 0x00007ff93e5fa000 	C:\WINDOWS\SYSTEM32\dbghelp.dll

VM Arguments:
jvm_args: -Xmx1024M -Dfile.encoding=windows-1252 -Duser.country=US -Duser.language=en -Duser.variant 
java_command: com.android.dx.command.Main --dex --num-threads=4 --output C:\Users\Alex\AndroidStudioProjects\Leroy\app\build\intermediates\pre-dexed\debug\classes-6255fd32b78dd511998fcd9fea20b6c2061c3738.jar C:\Users\Alex\AndroidStudioProjects\Leroy\app\build\intermediates\exploded-aar\com.google.android.gms\play-services-panorama\7.5.0\jars\classes.jar
java_class_path (initial): C:\Users\Alex\AppData\Local\Android\sdk\build-tools\23.0.0_rc2\lib\dx.jar
Launcher Type: SUN_STANDARD

Environment Variables:
JAVA_HOME=C:\Program Files\Java\jdk1.8.0_45
PATH=C:\Program Files (x86)\NVIDIA Corporation\PhysX\Common;C:\ProgramData\Oracle\Java\javapath;C:\WINDOWS\system32;C:\WINDOWS;C:\WINDOWS\System32\Wbem;C:\WINDOWS\System32\WindowsPowerShell\v1.0\;C:\Program Files (x86)\Intel\OpenCL SDK\2.0\bin\x86;C:\Program Files (x86)\Intel\OpenCL SDK\2.0\bin\x64;C:\Program Files\Broadcom\Broadcom 802.11 Network Adapter\Driver;D:\MATLAB\R2014a\runtime\win64;D:\MATLAB\R2014a\bin;D:\MATLAB\R2014a\polyspace\bin;C:\Program Files (x86)\Common Files\lenovo\easyplussdk\bin
USERNAME=Alex
OS=Windows_NT
PROCESSOR_IDENTIFIER=Intel64 Family 6 Model 42 Stepping 7, GenuineIntel



---------------  S Y S T E M  ---------------

OS: Windows 10.0 , 64 bit Build 10240 (10.0.10240.16384)

CPU:total 4 (2 cores per cpu, 2 threads per core) family 6 model 42 stepping 7, cmov, cx8, fxsr, mmx, sse, sse2, sse3, ssse3, sse4.1, sse4.2, popcnt, avx, clmul, ht, tsc, tscinvbit

Memory: 4k page, physical 4092268k(351612k free), swap 7237996k(240640k free)

vm_info: Java HotSpot(TM) 64-Bit Server VM (25.45-b02) for windows-amd64 JRE (1.8.0_45-b14), built on Apr 10 2015 10:34:15 by "java_re" with MS VC++ 10.0 (VS2010)

time: Mon Aug 03 16:25:54 2015
elapsed time: 0 seconds (0d 0h 0m 0s)

